<?xml version="1.0" encoding="UTF-8"?>
<!-- Generated by org.testng.reporters.JUnitXMLReporter -->
<testsuite ignored="2" hostname="DESKTOP-A4K1K6J" failures="1" tests="4" name="Tests of Rozetka Notebooks category" time="30.208" errors="0" timestamp="2022-11-26T14:13:52 EET">
  <testcase classname="com.softserve.rozetka.tests.NotebooksSortingTest" name="checkNotebooksFilteringFromLowerToHigher" time="4.151">
    <failure type="java.lang.AssertionError" message="expected [true] but found [false]">
      <![CDATA[java.lang.AssertionError: expected [true] but found [false]
at com.softserve.rozetka.tests.NotebooksSortingTest.checkNotebooksFilteringFromLowerToHigher(NotebooksSortingTest.java:31)
at java.base/java.util.ArrayList.forEach(ArrayList.java:1511)
at com.intellij.rt.testng.IDEARemoteTestNG.run(IDEARemoteTestNG.java:66)
at com.intellij.rt.testng.RemoteTestNGStarter.main(RemoteTestNGStarter.java:109)
... Removed 26 stack frames]]>
    </failure>
  </testcase> <!-- checkNotebooksFilteringFromLowerToHigher -->
  <testcase classname="com.softserve.rozetka.tests.NotebooksSortingTest" name="checkNotebooksFilteringFromHigherToLower" time="2.7"/>
  <testcase classname="com.softserve.rozetka.tests.NoteBookFilteringTest" name="checkSearchingNotebooksOfOneBrand" time="4.531"/>
  <testcase classname="com.softserve.rozetka.tests.NoteBookFilteringTest" name="checkSearchingNotebooksOfInvalidBrand" time="5.696"/>
  <testcase classname="com.softserve.rozetka.tests.BaseRunner" name="@AfterSuite afterSuite" time="0.0">
    <ignored/>
  </testcase> <!-- @AfterSuite afterSuite -->
  <testcase classname="com.softserve.rozetka.tests.BaseRunner" name="@BeforeSuite beforeSuite" time="0.0">
    <ignored/>
  </testcase> <!-- @BeforeSuite beforeSuite -->
</testsuite> <!-- Tests of Rozetka Notebooks category -->
